<?xml version="1.0" encoding="UTF-8"?>
<!-- Generated by org.testng.reporters.JUnitReportReporter -->
<testsuite hostname="DESKTOP-SRD47AD" failures="0" tests="9" name="aditya.resttest" time="13.292" errors="0" timestamp="2019-10-21T14:59:16 IST" skipped="0">
  <testcase classname="aditya.resttest" name="apitest3" time="0.824"/>
  <testcase classname="aditya.resttest" name="addLocation" time="3.000"/>
  <testcase classname="aditya.resttest" name="box4" time="1.991"/>
  <testcase classname="aditya.resttest" name="box" time="1.180"/>
  <testcase classname="aditya.resttest" name="class1" time="0.348"/>
  <testcase classname="aditya.resttest" name="box3" time="0.376"/>
  <testcase classname="aditya.resttest" name="headers" time="0.322"/>
  <testcase classname="aditya.resttest" name="apitest2" time="1.344"/>
  <testcase classname="aditya.resttest" name="apitest1" time="3.907"/>
</testsuite> <!-- aditya.resttest -->
