<?xml version="1.0" encoding="UTF-8"?>
<!-- Generated by org.testng.reporters.JUnitReportReporter -->
<testsuite skipped="0" hostname="DESKTOP-6NEDNGH" name="think.uses" tests="2" failures="0" timestamp="2019-09-08T11:19:49 IST" time="0.018" errors="0">
  <testcase name="init3" time="0.002" classname="think.uses"/>
  <testcase name="init" time="0.016" classname="think.uses"/>
</testsuite> <!-- think.uses -->
