<?xml version="1.0" encoding="UTF-8"?>
<!-- Generated by org.testng.reporters.JUnitReportReporter -->
<testsuite skipped="0" hostname="DESKTOP-6NEDNGH" name="think.honeycomb" tests="1" failures="0" timestamp="2019-09-08T11:27:56 IST" time="0.002" errors="0">
  <testcase name="joker" time="0.002" classname="think.honeycomb"/>
</testsuite> <!-- think.honeycomb -->
