<?xml version="1.0" encoding="UTF-8"?>
<!-- Generated by org.testng.reporters.JUnitReportReporter -->
<testsuite skipped="0" hostname="DESKTOP-6NEDNGH" name="think.downtown" tests="1" failures="0" timestamp="2019-09-08T11:27:56 IST" time="0.016" errors="0">
  <testcase name="supr" time="0.016" classname="think.downtown"/>
</testsuite> <!-- think.downtown -->
