<?xml version="1.0" encoding="UTF-8"?>
<!-- Generated by org.testng.reporters.JUnitReportReporter -->
<testsuite skipped="0" hostname="DESKTOP-6NEDNGH" name="think.mazer" tests="1" failures="0" timestamp="2019-09-08T11:27:56 IST" time="0.005" errors="0">
  <testcase name="flash" time="0.005" classname="think.mazer"/>
</testsuite> <!-- think.mazer -->
