<?xml version="1.0" encoding="UTF-8"?>
<!-- Generated by org.testng.reporters.JUnitReportReporter -->
<testsuite hostname="DESKTOP-SRD47AD" failures="0" tests="1" name="aut_1.Scenario5" time="41.420" errors="0" timestamp="2019-10-22T15:28:58 IST" skipped="0">
  <testcase classname="aut_1.Scenario5" name="favu" time="41.420"/>
</testsuite> <!-- aut_1.Scenario5 -->
