<?xml version="1.0" encoding="UTF-8"?>
<!-- Generated by org.testng.reporters.JUnitReportReporter -->
<testsuite hostname="DESKTOP-SRD47AD" failures="0" tests="1" name="aut_1.Scenario4" time="29.825" errors="0" timestamp="2019-10-22T16:00:17 IST" skipped="0">
  <testcase classname="aut_1.Scenario4" name="StreamTV" time="29.825"/>
</testsuite> <!-- aut_1.Scenario4 -->
