<?xml version="1.0" encoding="UTF-8"?>
<!-- Generated by org.testng.reporters.JUnitReportReporter -->
<testsuite hostname="DESKTOP-SRD47AD" failures="0" tests="1" name="aut_1.Scenario3" time="27.531" errors="0" timestamp="2019-10-22T15:30:36 IST" skipped="0">
  <testcase classname="aut_1.Scenario3" name="ContentLanguage" time="27.531"/>
</testsuite> <!-- aut_1.Scenario3 -->
