<?xml version="1.0" encoding="UTF-8"?>
<!-- Generated by org.testng.reporters.JUnitReportReporter -->
<testsuite skipped="0" hostname="DESKTOP-6NEDNGH" name="ready.Assg_3" tests="2" failures="0" timestamp="2019-09-18T10:51:38 IST" time="15.099" errors="0">
  <testcase name="space" time="7.253" classname="ready.Assg_3"/>
  <testcase name="arrow" time="7.846" classname="ready.Assg_3"/>
</testsuite> <!-- ready.Assg_3 -->
