<?xml version="1.0" encoding="UTF-8"?>
<!-- Generated by org.testng.reporters.JUnitReportReporter -->
<testsuite skipped="0" hostname="DESKTOP-6NEDNGH" name="ready.Assign_1" tests="1" failures="0" timestamp="2019-09-18T10:43:30 IST" time="12.859" errors="0">
  <testcase name="game" time="12.859" classname="ready.Assign_1"/>
</testsuite> <!-- ready.Assign_1 -->
