<?xml version="1.0" encoding="UTF-8"?>
<!-- Generated by org.testng.reporters.JUnitReportReporter -->
<testsuite skipped="0" hostname="DESKTOP-6NEDNGH" name="ready.Assign_3" tests="2" failures="0" timestamp="2019-09-15T17:46:16 IST" time="16.779" errors="0">
  <testcase name="arrow" time="8.590" classname="ready.Assign_3"/>
  <testcase name="space" time="8.189" classname="ready.Assign_3"/>
</testsuite> <!-- ready.Assign_3 -->
