<?xml version="1.0" encoding="UTF-8"?>
<!-- Generated by org.testng.reporters.JUnitReportReporter -->
<testsuite skipped="0" hostname="DESKTOP-6NEDNGH" name="ready.Assign_2" tests="1" failures="0" timestamp="2019-09-18T10:46:57 IST" time="8.796" errors="0">
  <testcase name="gamer2" time="8.796" classname="ready.Assign_2"/>
</testsuite> <!-- ready.Assign_2 -->
