<?xml version="1.0" encoding="UTF-8"?>
<!-- Generated by org.testng.reporters.JUnitReportReporter -->
<testsuite skipped="0" hostname="DESKTOP-6NEDNGH" name="ready.Assignment_6" tests="1" failures="0" timestamp="2019-09-18T11:25:06 IST" time="8.853" errors="0">
  <testcase name="dream" time="8.853" classname="ready.Assignment_6"/>
</testsuite> <!-- ready.Assignment_6 -->
