<?xml version="1.0" encoding="UTF-8"?>
<!-- Generated by org.testng.reporters.JUnitReportReporter -->
<testsuite skipped="0" hostname="DESKTOP-6NEDNGH" name="ready.Assign_10" tests="1" failures="0" timestamp="2019-09-18T10:45:37 IST" time="9.178" errors="0">
  <testcase name="demo33" time="9.178" classname="ready.Assign_10"/>
</testsuite> <!-- ready.Assign_10 -->
